<?xml version="1.0" encoding="UTF-8"?>
<!-- Generated by org.testng.reporters.JUnitXMLReporter -->
<testsuite hostname="Rajaram" ignored="0" name="BankingApp Test(failed)(failed)" tests="3" failures="2" timestamp="26 Jul 2021 17:28:13 GMT" time="52.66" errors="0">
  <testcase name="loginDDT" time="8.23" classname="com.testcases.TC_LoginDDT_002">
    <failure type="java.lang.AssertionError" message="expected [true] but found [false]">
      <![CDATA[java.lang.AssertionError: expected [true] but found [false]
at com.testcases.TC_LoginDDT_002.loginDDT(TC_LoginDDT_002.java:32)
... Removed 29 stack frames]]>
    </failure>
  </testcase> <!-- loginDDT -->
  <testcase name="loginDDT" time="12.489" classname="com.testcases.TC_LoginDDT_002"/>
  <testcase name="loginDDT" time="5.948" classname="com.testcases.TC_LoginDDT_002">
    <failure type="java.lang.AssertionError" message="expected [true] but found [false]">
      <![CDATA[java.lang.AssertionError: expected [true] but found [false]
at com.testcases.TC_LoginDDT_002.loginDDT(TC_LoginDDT_002.java:32)
... Removed 29 stack frames]]>
    </failure>
  </testcase> <!-- loginDDT -->
</testsuite> <!-- BankingApp Test(failed)(failed) -->
